<?xml version="1.0" encoding="UTF-8"?>
<testng-results skipped="0" failed="0" total="1" passed="1">
  <reporter-output>
  </reporter-output>
  <suite name="Default suite" duration-ms="35858" started-at="2015-08-26T09:30:01Z" finished-at="2015-08-26T09:30:36Z">
    <groups>
    </groups>
    <test name="Default test" duration-ms="35858" started-at="2015-08-26T09:30:01Z" finished-at="2015-08-26T09:30:36Z">
      <class name="org.gradle.AppiumTest">
        <test-method status="PASS" signature="setUp()[pri:0, instance:org.gradle.AppiumTest@312d0089]" name="setUp" is-config="true" duration-ms="5201" started-at="2015-08-26T17:30:01Z" finished-at="2015-08-26T17:30:06Z">
          <reporter-output>
          </reporter-output>
        </test-method> <!-- setUp -->
        <test-method status="PASS" signature="postMessage()[pri:0, instance:org.gradle.AppiumTest@312d0089]" name="postMessage" duration-ms="29777" started-at="2015-08-26T17:30:06Z" finished-at="2015-08-26T17:30:36Z">
          <reporter-output>
          </reporter-output>
        </test-method> <!-- postMessage -->
        <test-method status="PASS" signature="tearDown()[pri:0, instance:org.gradle.AppiumTest@312d0089]" name="tearDown" is-config="true" duration-ms="865" started-at="2015-08-26T17:30:36Z" finished-at="2015-08-26T17:30:36Z">
          <reporter-output>
          </reporter-output>
        </test-method> <!-- tearDown -->
      </class> <!-- org.gradle.AppiumTest -->
    </test> <!-- Default test -->
  </suite> <!-- Default suite -->
</testng-results>
